<?xml version="1.0" encoding="UTF-8"?>
<!-- Generated by org.testng.reporters.JUnitXMLReporter -->
<testsuite ignored="0" hostname="NGL001030" failures="0" tests="3" name="Chrome" time="123.5" errors="0" timestamp="2025-03-28T18:35:46 IST">
  <testcase classname="TestSelenium.TestScenarios" name="validateMessage" time="18.18"/>
  <testcase classname="TestSelenium.TestScenarios" name="validateDragDrop" time="16.772"/>
  <testcase classname="TestSelenium.TestScenarios" name="validateFormdEmo" time="46.474"/>
</testsuite> <!-- Chrome -->
