<?xml version="1.0" encoding="UTF-8"?>
<!-- Generated by org.testng.reporters.JUnitXMLReporter -->
<testsuite ignored="0" hostname="NGL001030" failures="0" tests="3" name="Edge" time="194.4" errors="0" timestamp="2025-03-28T18:36:57 IST">
  <testcase classname="TestSelenium.TestScenarios" name="validateMessage" time="14.05"/>
  <testcase classname="TestSelenium.TestScenarios" name="validateDragDrop" time="17.866"/>
  <testcase classname="TestSelenium.TestScenarios" name="validateFormdEmo" time="42.171"/>
</testsuite> <!-- Edge -->
