<?xml version="1.0" encoding="UTF-8"?>
<!-- Generated by org.testng.reporters.JUnitXMLReporter -->
<testsuite ignored="0" hostname="NGL001030" failures="0" tests="3" name="Firefox" time="97.181" errors="0" timestamp="2025-03-28T18:35:19 IST">
  <testcase classname="TestSelenium.TestScenarios" name="validateMessage" time="10.912"/>
  <testcase classname="TestSelenium.TestScenarios" name="validateDragDrop" time="12.602"/>
  <testcase classname="TestSelenium.TestScenarios" name="validateFormdEmo" time="38.989"/>
</testsuite> <!-- Firefox -->
