<?xml version="1.0" encoding="UTF-8"?>
<!-- Generated by org.testng.reporters.JUnitReportReporter -->
<testsuite hostname="PSL-4Q3WC63" failures="0" tests="3" name="DemoTest.TestScenarios" time="12.531" errors="0" timestamp="21 Mar 2025 21:22:49 GMT" skipped="0">
  <testcase classname="DemoTest.TestScenarios" name="validateMessage" time="4.200"/>
  <testcase classname="DemoTest.TestScenarios" name="validateDragDrop" time="1.796"/>
  <testcase classname="DemoTest.TestScenarios" name="validateFormdEmo" time="6.535"/>
</testsuite> <!-- DemoTest.TestScenarios -->
